###############################################################################
#
# IAR ANSI C/C++ Compiler V8.22.1.15669/W32 for ARM       19/Apr/2018  11:28:03
# Copyright 1999-2018 IAR Systems AB.
#
#    Cpu mode     =  thumb
#    Endian       =  little
#    Source file  =  C:\Users\Clyde W Phillips Jr\Desktop\FISH v1.72\main.c
#    Command line =  
#        -f C:\Users\CLYDEW~1\AppData\Local\Temp\EWF116.tmp ("C:\Users\Clyde W
#        Phillips Jr\Desktop\FISH v1.72\main.c" -lcN "C:\Users\Clyde W Phillips
#        Jr\Desktop\FISH v1.72\STM32F407_Disco_Debug\List" -o "C:\Users\Clyde W
#        Phillips Jr\Desktop\FISH v1.72\STM32F407_Disco_Debug\Obj" --no_cse
#        --no_unroll --no_inline --no_code_motion --no_tbaa --no_clustering
#        --no_scheduling --debug --endian=little --cpu=Cortex-M4 -e
#        --fpu=VFPv4_sp --dlib_config "C:\Program Files (x86)\IAR
#        Systems\Embedded Workbench 8.0\arm\INC\c\DLib_Config_Normal.h" -I
#        "C:\Users\Clyde W Phillips Jr\Desktop\FISH
#        v1.72\..\FISH_Libs\FISH_RM_COMMON\" -I "C:\Users\Clyde W Phillips
#        Jr\Desktop\FISH v1.72\..\FISH_Libs\FISH_RM_COMMON_CODE_CORTEX_M\" -On)
#    Locale       =  C
#    List file    =  
#        C:\Users\Clyde W Phillips Jr\Desktop\FISH
#        v1.72\STM32F407_Disco_Debug\List\main.lst
#    Object file  =  
#        C:\Users\Clyde W Phillips Jr\Desktop\FISH
#        v1.72\STM32F407_Disco_Debug\Obj\main.o
#
###############################################################################

C:\Users\Clyde W Phillips Jr\Desktop\FISH v1.72\main.c
      1          // FISH STM32F4 DISCO
      2          
      3          // for stm32f4xx.h usage
      4          #define STM32F40XX
      5          //Without this:
      6          // Fatal Error[Pe035]: #error directive: 
      7          //      "Please select first the target STM32F4xx device
      8          //      used in your application (in stm32f4xx.h file)" 
      9          
     10          // For CMSIS function usage
     11          #include "stm32f4xx.h"
     12          #include "core_cm4.h"     // For CMSIS NVIC_SystemReset function
     13          
     14          
     15          #pragma call_graph_root = "interrupt"
     16          __weak void HardFault_Handler( void ) {
     17          
     18          // Don't use printf or other large lib constructs, use your own or tool debug io  
     19            NVIC_SystemReset();
     20          }
     21          //__weak void HardFault_Handler( void ) { FM3_COLD(); }
     22          
     23          void C_CMSIS_DISABLE_IRQS() {
     24            __disable_irq();
     25          }
     26          
     27          void C_CMSIS_ENABLE_IRQS() {
     28            __enable_irq();
     29          }
     30          
     31          /*
     32          void C_CMSIS_REV(unsigned long word)
     33          {
     34          // prototype is:
     35          // unsigned long __REV(unsigned long);
     36          // This works if word is passed in r0
     37            __REV(word);
     38          // Results is returned in r0
     39          }
     40          */
     41          
     42          
     43          #ifdef USE_CMAIN // defined in FISH_STM32F4_CONFIG_DEFINES.h
     44          // May use this to prototype Smart-IO board attached to the fishy disco~!
     45          int main(void) {
     46          
     47           extern void FM3_COLD();
     48          	volatile static int i = 0 ;
     49          	while(1) {
     50          		FM3_COLD();		// FISH_return2c returns here
     51          		i++ ;
     52          	}
     53          	return 0 ;
     54          }
     55          #endif

   Maximum stack usage in bytes:

   .cstack Function
   ------- --------
       0   C_CMSIS_DISABLE_IRQS
       0   C_CMSIS_ENABLE_IRQS
       8   HardFault_Handler
         8   -> NVIC_SystemReset
       0   NVIC_SystemReset


   Section sizes:

   Bytes  Function/Label
   -----  --------------
       4  ??DataTable0
       4  ??DataTable0_1
       4  C_CMSIS_DISABLE_IRQS
       4  C_CMSIS_ENABLE_IRQS
       8  HardFault_Handler
      26  NVIC_SystemReset

 
 50 bytes in section .text
 
 42 bytes of CODE memory (+ 8 bytes shared)

Errors: none
Warnings: none
